<?xml version="1.0" encoding="UTF-8"?>
<!-- Generated by org.testng.reporters.JUnitXMLReporter -->
<testsuite hostname="LAPTOP-1Q3NCJUG" name="chromeBrowser" tests="5" failures="0" timestamp="28 Apr 2021 08:39:02 GMT" time="180.842" errors="0">
  <testcase name="TC_9" time="73.219" classname="TestScript.TestNGClass4"/>
  <testcase name="TC_10" time="80.669" classname="TestScript.TestNGClass5"/>
  <testcase name="TC_6Test" time="102.102" classname="TestScript.TestNGClass1"/>
  <testcase name="TC_8" time="103.292" classname="TestScript.TestNGclass3"/>
  <testcase name="TC_7" time="108.737" classname="TestScript.TestNGClass2"/>
</testsuite> <!-- chromeBrowser -->
