<?xml version="1.0" encoding="UTF-8"?>
<!-- Generated by org.testng.reporters.JUnitXMLReporter -->
<testsuite hostname="LAPTOP-1Q3NCJUG" name="Test" tests="2" failures="0" timestamp="28 Apr 2021 08:35:28 GMT" time="0.854" errors="0">
  <testcase name="@BeforeClass openApplication" time="0.0" classname="TestScript.TestNGClass2">
    <failure type="org.testng.TestNGException" message="
Parameter &amp;apos;browser&amp;apos; is required by @Configuration on method openApplication but has not been marked @Optional or defined
in F:\Automation\tigerproject\testng.xml">
      <![CDATA[org.testng.TestNGException: 
Parameter 'browser' is required by @Configuration on method openApplication but has not been marked @Optional or defined
in F:\Automation\tigerproject\testng.xml
	at java.util.concurrent.ThreadPoolExecutor.runWorker(Unknown Source)
	at java.util.concurrent.ThreadPoolExecutor$Worker.run(Unknown Source)
	at java.lang.Thread.run(Unknown Source)
... Removed 7 stack frames]]>
    </failure>
  </testcase> <!-- @BeforeClass openApplication -->
  <testcase name="@BeforeClass openApplication" time="0.0" classname="TestScript.TestNGClass1">
    <failure type="org.testng.TestNGException" message="
Parameter &amp;apos;browser&amp;apos; is required by @Configuration on method openApplication but has not been marked @Optional or defined
in F:\Automation\tigerproject\testng.xml">
      <![CDATA[org.testng.TestNGException: 
Parameter 'browser' is required by @Configuration on method openApplication but has not been marked @Optional or defined
in F:\Automation\tigerproject\testng.xml
	at java.util.concurrent.ThreadPoolExecutor.runWorker(Unknown Source)
	at java.util.concurrent.ThreadPoolExecutor$Worker.run(Unknown Source)
	at java.lang.Thread.run(Unknown Source)
... Removed 7 stack frames]]>
    </failure>
  </testcase> <!-- @BeforeClass openApplication -->
  <testcase name="@BeforeMethod loginToApplication" time="0.0" classname="TestScript.TestNGClass2">
    <failure type="java.lang.NullPointerException">
      <![CDATA[java.lang.NullPointerException
	at org.openqa.selenium.support.pagefactory.DefaultElementLocator.findElement(DefaultElementLocator.java:69)
	at org.openqa.selenium.support.pagefactory.internal.LocatingElementHandler.invoke(LocatingElementHandler.java:38)
	at com.sun.proxy.$Proxy12.sendKeys(Unknown Source)
	at POMrepository.LoginPage.login(LoginPage.java:38)
	at TestScript.BaseTest.loginToApplication(BaseTest.java:60)
	at java.util.concurrent.ThreadPoolExecutor.runWorker(Unknown Source)
	at java.util.concurrent.ThreadPoolExecutor$Worker.run(Unknown Source)
	at java.lang.Thread.run(Unknown Source)
... Removed 12 stack frames]]>
    </failure>
  </testcase> <!-- @BeforeMethod loginToApplication -->
  <testcase name="@BeforeMethod loginToApplication" time="0.0" classname="TestScript.TestNGClass1">
    <failure type="java.lang.NullPointerException">
      <![CDATA[java.lang.NullPointerException
	at org.openqa.selenium.support.pagefactory.DefaultElementLocator.findElement(DefaultElementLocator.java:69)
	at org.openqa.selenium.support.pagefactory.internal.LocatingElementHandler.invoke(LocatingElementHandler.java:38)
	at com.sun.proxy.$Proxy12.sendKeys(Unknown Source)
	at POMrepository.LoginPage.login(LoginPage.java:38)
	at TestScript.BaseTest.loginToApplication(BaseTest.java:60)
	at java.util.concurrent.ThreadPoolExecutor.runWorker(Unknown Source)
	at java.util.concurrent.ThreadPoolExecutor$Worker.run(Unknown Source)
	at java.lang.Thread.run(Unknown Source)
... Removed 12 stack frames]]>
    </failure>
  </testcase> <!-- @BeforeMethod loginToApplication -->
  <testcase name="@AfterMethod logOutFromApplication" time="0.0" classname="TestScript.TestNGClass2">
    <failure type="java.lang.NullPointerException">
      <![CDATA[java.lang.NullPointerException
	at TestScript.BaseTest.logOutFromApplication(BaseTest.java:75)
	at java.util.concurrent.ThreadPoolExecutor.runWorker(Unknown Source)
	at java.util.concurrent.ThreadPoolExecutor$Worker.run(Unknown Source)
	at java.lang.Thread.run(Unknown Source)
... Removed 12 stack frames]]>
    </failure>
  </testcase> <!-- @AfterMethod logOutFromApplication -->
  <testcase name="@AfterMethod logOutFromApplication" time="0.0" classname="TestScript.TestNGClass1">
    <failure type="java.lang.NullPointerException">
      <![CDATA[java.lang.NullPointerException
	at TestScript.BaseTest.logOutFromApplication(BaseTest.java:75)
	at java.util.concurrent.ThreadPoolExecutor.runWorker(Unknown Source)
	at java.util.concurrent.ThreadPoolExecutor$Worker.run(Unknown Source)
	at java.lang.Thread.run(Unknown Source)
... Removed 12 stack frames]]>
    </failure>
  </testcase> <!-- @AfterMethod logOutFromApplication -->
  <testcase name="@AfterClass closeTheApplication" time="0.0" classname="TestScript.TestNGClass2">
    <failure type="java.lang.NullPointerException">
      <![CDATA[java.lang.NullPointerException
	at TestScript.BaseTest.closeTheApplication(BaseTest.java:85)
	at java.util.concurrent.ThreadPoolExecutor.runWorker(Unknown Source)
	at java.util.concurrent.ThreadPoolExecutor$Worker.run(Unknown Source)
	at java.lang.Thread.run(Unknown Source)
... Removed 10 stack frames]]>
    </failure>
  </testcase> <!-- @AfterClass closeTheApplication -->
  <testcase name="@AfterClass closeTheApplication" time="0.0" classname="TestScript.TestNGClass1">
    <failure type="java.lang.NullPointerException">
      <![CDATA[java.lang.NullPointerException
	at TestScript.BaseTest.closeTheApplication(BaseTest.java:85)
	at java.util.concurrent.ThreadPoolExecutor.runWorker(Unknown Source)
	at java.util.concurrent.ThreadPoolExecutor$Worker.run(Unknown Source)
	at java.lang.Thread.run(Unknown Source)
... Removed 10 stack frames]]>
    </failure>
  </testcase> <!-- @AfterClass closeTheApplication -->
  <testcase name="TC_7" time="0.0" classname="TestScript.TestNGClass2">
    <skipped/>
  </testcase> <!-- TC_7 -->
  <testcase name="TC_6Test" time="0.0" classname="TestScript.TestNGClass1">
    <skipped/>
  </testcase> <!-- TC_6Test -->
</testsuite> <!-- Test -->
